 >> ----------------------- FT OUTPUT:
6 6 6 6 6 capacity:5 size:5

6 6 6 6 capacity:4 size:4

v.begin() <= w.begin() ? 0
w.begin() <= v.begin() ? 1
0 1 2 3 2 capacity:5 size:5

0 1 2 3 4 capacity:8 size:5

v.begin() <= w.begin() ? 1
w.begin() <= v.begin() ? 0
v.begin() <= w.begin() ? 1
w.begin() <= v.begin() ? 0
0 1 2 3 2 capacity:5 size:5

capacity:0 size:0
 >> ----------------------- STD OUTPUT:
6 6 6 6 6 capacity:5 size:5

6 6 6 6 capacity:4 size:4

v.begin() <= w.begin() ? 1
w.begin() <= v.begin() ? 0
0 1 2 3 2 capacity:5 size:5

0 1 2 3 4 capacity:8 size:5

v.begin() <= w.begin() ? 1
w.begin() <= v.begin() ? 0
v.begin() <= w.begin() ? 1
w.begin() <= v.begin() ? 0
0 1 2 3 2 capacity:5 size:5

capacity:0 size:0
 >> ----------------------- DIFF ❌ 
5,6c5,6 < v.begin() <= w.begin() ? 0 < w.begin() <= v.begin() ? 1 --- > v.begin() <= w.begin() ? 1 > w.begin() <= v.begin() ? 0
